Using pre-set license
Built from '2020.3/staging' branch; Version is '2020.3.8f1 (507919d4fff5) revision 5273881'; Using compiler version '192528614'; Build Type 'Release'
OS: 'Windows 10 Home Single Language; OS build 18363.1500; Version 1909; 64bit' Language: 'ru' Physical Memory: 6056 MB
BatchMode: 1, IsHumanControllingUs: 0, StartBugReporterOnCrash: 0, Is64bit: 1, IsPro: 0

 COMMAND LINE ARGUMENTS:
C:\Program Files\Unity\Hub\Editor\2020.3.8f1\Editor\Unity.exe
-adb2
-batchMode
-noUpm
-name
AssetImportWorker0
-projectPath
C:/Users/Руслан/Documents/Unity/GD-main/Gaps3D
-logFile
Logs/AssetImportWorker0.log
-srvPort
56884
Successfully changed project path to: C:/Users/Руслан/Documents/Unity/GD-main/Gaps3D
C:/Users/Руслан/Documents/Unity/GD-main/Gaps3D
Using Asset Import Pipeline V2.
Refreshing native plugins compatible for Editor in 81.30 ms, found 0 plugins.
Preloading 0 native plugins for Editor in 0.00 ms.
Initialize engine version: 2020.3.8f1 (507919d4fff5)
[Subsystems] Discovering subsystems at path C:/Program Files/Unity/Hub/Editor/2020.3.8f1/Editor/Data/Resources/UnitySubsystems
[Subsystems] Discovering subsystems at path C:/Users/Руслан/Documents/Unity/GD-main/Gaps3D/Assets
GfxDevice: creating device client; threaded=0
Direct3D:
    Version:  Direct3D 11.0 [level 11.1]
    Renderer: Intel(R) HD Graphics 5500 (ID=0x1616)
    Vendor:   
    VRAM:     3028 MB
    Driver:   20.19.15.5063
Initialize mono
Mono path[0] = 'C:/Program Files/Unity/Hub/Editor/2020.3.8f1/Editor/Data/Managed'
Mono path[1] = 'C:/Program Files/Unity/Hub/Editor/2020.3.8f1/Editor/Data/MonoBleedingEdge/lib/mono/unityjit'
Mono config path = 'C:/Program Files/Unity/Hub/Editor/2020.3.8f1/Editor/Data/MonoBleedingEdge/etc'
Using monoOptions --debugger-agent=transport=dt_socket,embedding=1,server=y,suspend=n,address=127.0.0.1:56736
Begin MonoManager ReloadAssembly
Registering precompiled unity dll's ...
Register platform support module: C:/Program Files/Unity/Hub/Editor/2020.3.8f1/Editor/Data/PlaybackEngines/WebGLSupport/UnityEditor.WebGL.Extensions.dll
Register platform support module: C:/Program Files/Unity/Hub/Editor/2020.3.8f1/Editor/Data/PlaybackEngines/WindowsStandaloneSupport/UnityEditor.WindowsStandalone.Extensions.dll
Registered in 0.004782 seconds.
Native extension for WindowsStandalone target not found
Native extension for WebGL target not found
Refreshing native plugins compatible for Editor in 68.27 ms, found 0 plugins.
Preloading 0 native plugins for Editor in 0.00 ms.
Mono: successfully reloaded assembly
- Completed reload, in  4.055 seconds
Platform modules already initialized, skipping
Registering precompiled user dll's ...
Registered in 0.001633 seconds.
Begin MonoManager ReloadAssembly
Native extension for WindowsStandalone target not found
Native extension for WebGL target not found
Refreshing native plugins compatible for Editor in 0.70 ms, found 0 plugins.
Preloading 0 native plugins for Editor in 0.00 ms.
Mono: successfully reloaded assembly
- Completed reload, in  2.061 seconds
Platform modules already initialized, skipping
========================================================================
Worker process is ready to serve import requests
Launched and connected shader compiler UnityShaderCompiler.exe after 0.15 seconds
Refreshing native plugins compatible for Editor in 0.79 ms, found 0 plugins.
Preloading 0 native plugins for Editor in 0.00 ms.
Unloading 1719 Unused Serialized files (Serialized files now loaded: 0)
System memory in use before: 171.5 MB.
System memory in use after: 171.6 MB.

Unloading 81 unused Assets to reduce memory usage. Loaded Objects now: 2193.
Total: 3.883700 ms (FindLiveObjects: 0.298100 ms CreateObjectMapping: 0.151600 ms MarkObjects: 3.088200 ms  DeleteObjects: 0.344300 ms)

========================================================================
Received Import Request.
  path: Assets/Scenes/LevelMenu.unity
  artifactKey: Guid(8220b344676a5dc41865d98543070615) Importer(815301076,1909f56bfc062723c751e8b465ee728b)
Start importing Assets/Scenes/LevelMenu.unity using Guid(8220b344676a5dc41865d98543070615) Importer(815301076,1909f56bfc062723c751e8b465ee728b)  -> (artifact id: 'bda2e73df6e7786b1ebda39c67b51c3e') in 0.058907 seconds
  Import took 0.074161 seconds .

========================================================================
Received Import Request.
  Time since last request: 103.934256 seconds.
  path: Assets/Scenes/LevelMenu.unity
  artifactKey: Guid(8220b344676a5dc41865d98543070615) Importer(815301076,1909f56bfc062723c751e8b465ee728b)
Start importing Assets/Scenes/LevelMenu.unity using Guid(8220b344676a5dc41865d98543070615) Importer(815301076,1909f56bfc062723c751e8b465ee728b)  -> (artifact id: 'd6a4db684a753edd736e1149ea0a951f') in 0.017623 seconds
  Import took 0.062262 seconds .

========================================================================
Received Prepare
Registering precompiled user dll's ...
Registered in 0.001550 seconds.
Begin MonoManager ReloadAssembly
Native extension for WindowsStandalone target not found
Native extension for WebGL target not found
Refreshing native plugins compatible for Editor in 0.75 ms, found 0 plugins.
Preloading 0 native plugins for Editor in 0.00 ms.
Warning: Annotation not found!

Mono: successfully reloaded assembly
- Completed reload, in  1.703 seconds
Platform modules already initialized, skipping
Refreshing native plugins compatible for Editor in 0.72 ms, found 0 plugins.
Preloading 0 native plugins for Editor in 0.00 ms.
Unloading 1668 Unused Serialized files (Serialized files now loaded: 0)
System memory in use before: 167.4 MB.
System memory in use after: 167.5 MB.

Unloading 18 unused Assets to reduce memory usage. Loaded Objects now: 2196.
Total: 3.590200 ms (FindLiveObjects: 0.278800 ms CreateObjectMapping: 0.141100 ms MarkObjects: 3.003700 ms  DeleteObjects: 0.164800 ms)

========================================================================
Received Prepare
Registering precompiled user dll's ...
Registered in 0.002363 seconds.
Begin MonoManager ReloadAssembly
Native extension for WindowsStandalone target not found
Native extension for WebGL target not found
Refreshing native plugins compatible for Editor in 0.68 ms, found 0 plugins.
Preloading 0 native plugins for Editor in 0.00 ms.
Warning: Annotation not found!

Mono: successfully reloaded assembly
- Completed reload, in  1.768 seconds
Platform modules already initialized, skipping
Refreshing native plugins compatible for Editor in 1.00 ms, found 0 plugins.
Preloading 0 native plugins for Editor in 0.00 ms.
Unloading 1667 Unused Serialized files (Serialized files now loaded: 0)
System memory in use before: 167.4 MB.
System memory in use after: 167.5 MB.

Unloading 19 unused Assets to reduce memory usage. Loaded Objects now: 2198.
Total: 3.332900 ms (FindLiveObjects: 0.238400 ms CreateObjectMapping: 0.092600 ms MarkObjects: 2.841600 ms  DeleteObjects: 0.158300 ms)

========================================================================
Received Prepare
Registering precompiled user dll's ...
Registered in 0.002711 seconds.
Begin MonoManager ReloadAssembly
Native extension for WindowsStandalone target not found
Native extension for WebGL target not found
Refreshing native plugins compatible for Editor in 0.67 ms, found 0 plugins.
Preloading 0 native plugins for Editor in 0.00 ms.
Warning: Annotation not found!

Mono: successfully reloaded assembly
- Completed reload, in  1.942 seconds
Platform modules already initialized, skipping
Refreshing native plugins compatible for Editor in 0.69 ms, found 0 plugins.
Preloading 0 native plugins for Editor in 0.00 ms.
Unloading 1668 Unused Serialized files (Serialized files now loaded: 0)
System memory in use before: 167.5 MB.
System memory in use after: 167.5 MB.

Unloading 18 unused Assets to reduce memory usage. Loaded Objects now: 2202.
Total: 3.771700 ms (FindLiveObjects: 0.294100 ms CreateObjectMapping: 0.144200 ms MarkObjects: 3.158900 ms  DeleteObjects: 0.172700 ms)

========================================================================
Received Prepare
Registering precompiled user dll's ...
Registered in 0.002231 seconds.
Begin MonoManager ReloadAssembly
Native extension for WindowsStandalone target not found
Native extension for WebGL target not found
Refreshing native plugins compatible for Editor in 0.70 ms, found 0 plugins.
Preloading 0 native plugins for Editor in 0.00 ms.
Warning: Annotation not found!

Mono: successfully reloaded assembly
- Completed reload, in  1.863 seconds
Platform modules already initialized, skipping
Refreshing native plugins compatible for Editor in 1.09 ms, found 0 plugins.
Preloading 0 native plugins for Editor in 0.00 ms.
Unloading 1668 Unused Serialized files (Serialized files now loaded: 0)
System memory in use before: 167.5 MB.
System memory in use after: 167.5 MB.

Unloading 18 unused Assets to reduce memory usage. Loaded Objects now: 2205.
Total: 4.196900 ms (FindLiveObjects: 0.302200 ms CreateObjectMapping: 0.144900 ms MarkObjects: 3.528400 ms  DeleteObjects: 0.218800 ms)

========================================================================
Received Import Request.
  Time since last request: 768.045345 seconds.
  path: Assets/Scenes/PlayStart.cs
  artifactKey: Guid(eb8c2ef010cc7494a93f49d8a1ca1ad5) Importer(815301076,1909f56bfc062723c751e8b465ee728b)
Start importing Assets/Scenes/PlayStart.cs using Guid(eb8c2ef010cc7494a93f49d8a1ca1ad5) Importer(815301076,1909f56bfc062723c751e8b465ee728b)  -> (artifact id: '15d4022f081d7ad68cec8088b4852b9e') in 0.285022 seconds
  Import took 0.317280 seconds .

========================================================================
Received Prepare
Registering precompiled user dll's ...
Registered in 0.001466 seconds.
Begin MonoManager ReloadAssembly
Native extension for WindowsStandalone target not found
Native extension for WebGL target not found
Refreshing native plugins compatible for Editor in 0.70 ms, found 0 plugins.
Preloading 0 native plugins for Editor in 0.00 ms.
Warning: Annotation not found!

Mono: successfully reloaded assembly
- Completed reload, in  2.013 seconds
Platform modules already initialized, skipping
Refreshing native plugins compatible for Editor in 1.09 ms, found 0 plugins.
Preloading 0 native plugins for Editor in 0.00 ms.
Unloading 1668 Unused Serialized files (Serialized files now loaded: 0)
System memory in use before: 167.5 MB.
System memory in use after: 167.5 MB.

Unloading 18 unused Assets to reduce memory usage. Loaded Objects now: 2208.
Total: 3.957000 ms (FindLiveObjects: 0.249800 ms CreateObjectMapping: 0.098800 ms MarkObjects: 3.423300 ms  DeleteObjects: 0.182100 ms)

========================================================================
Received Import Request.
  Time since last request: 173.217729 seconds.
  path: Assets/Scenes/PlayStart.cs
  artifactKey: Guid(eb8c2ef010cc7494a93f49d8a1ca1ad5) Importer(815301076,1909f56bfc062723c751e8b465ee728b)
Start importing Assets/Scenes/PlayStart.cs using Guid(eb8c2ef010cc7494a93f49d8a1ca1ad5) Importer(815301076,1909f56bfc062723c751e8b465ee728b)  -> (artifact id: '4213e1717f446a951b9f3b2a63ef4fb5') in 0.016258 seconds
  Import took 0.045944 seconds .

========================================================================
Received Import Request.
  Time since last request: 297.484864 seconds.
  path: Assets/Scenes/LevelMenu.unity
  artifactKey: Guid(8220b344676a5dc41865d98543070615) Importer(815301076,1909f56bfc062723c751e8b465ee728b)
Start importing Assets/Scenes/LevelMenu.unity using Guid(8220b344676a5dc41865d98543070615) Importer(815301076,1909f56bfc062723c751e8b465ee728b)  -> (artifact id: 'a2d86c17df3c901cec8d0bcae5931b62') in 0.034062 seconds
  Import took 0.071067 seconds .

========================================================================
Received Prepare
Registering precompiled user dll's ...
Registered in 0.002239 seconds.
Begin MonoManager ReloadAssembly
Native extension for WindowsStandalone target not found
Native extension for WebGL target not found
Refreshing native plugins compatible for Editor in 0.70 ms, found 0 plugins.
Preloading 0 native plugins for Editor in 0.00 ms.
Warning: Annotation not found!

Mono: successfully reloaded assembly
- Completed reload, in  1.714 seconds
Platform modules already initialized, skipping
Refreshing native plugins compatible for Editor in 0.69 ms, found 0 plugins.
Preloading 0 native plugins for Editor in 0.00 ms.
Unloading 1668 Unused Serialized files (Serialized files now loaded: 0)
System memory in use before: 167.5 MB.
System memory in use after: 167.6 MB.

Unloading 18 unused Assets to reduce memory usage. Loaded Objects now: 2211.
Total: 3.666800 ms (FindLiveObjects: 0.280200 ms CreateObjectMapping: 0.144900 ms MarkObjects: 3.076100 ms  DeleteObjects: 0.163800 ms)

========================================================================
Received Import Request.
  Time since last request: 167.376943 seconds.
  path: Assets/Scripts/LevelMenu
  artifactKey: Guid(4de31d821da17394d9d5e86a38fca470) Importer(815301076,1909f56bfc062723c751e8b465ee728b)
Start importing Assets/Scripts/LevelMenu using Guid(4de31d821da17394d9d5e86a38fca470) Importer(815301076,1909f56bfc062723c751e8b465ee728b)  -> (artifact id: '04ef3ff345125bdee238c756c8c559b5') in 0.033990 seconds
  Import took 0.063958 seconds .

========================================================================
Received Import Request.
  Time since last request: 8.577897 seconds.
  path: Assets/Scripts/LevelMenu/Home.cs
  artifactKey: Guid(fa9c325bac4845e4bb2c7b2c915f41be) Importer(815301076,1909f56bfc062723c751e8b465ee728b)
Start importing Assets/Scripts/LevelMenu/Home.cs using Guid(fa9c325bac4845e4bb2c7b2c915f41be) Importer(815301076,1909f56bfc062723c751e8b465ee728b)  -> (artifact id: 'a37db133ff78fed26cf26e4e3e8be58b') in 0.024190 seconds
  Import took 0.032244 seconds .

========================================================================
Received Import Request.
  Time since last request: 0.002270 seconds.
  path: Assets/Scripts/LevelMenu/Home.cs
  artifactKey: Guid(fa9c325bac4845e4bb2c7b2c915f41be) Importer(815301076,1909f56bfc062723c751e8b465ee728b)
Start importing Assets/Scripts/LevelMenu/Home.cs using Guid(fa9c325bac4845e4bb2c7b2c915f41be) Importer(815301076,1909f56bfc062723c751e8b465ee728b)  -> (artifact id: 'a37db133ff78fed26cf26e4e3e8be58b') in 0.019516 seconds
  Import took 0.036913 seconds .

========================================================================
Received Prepare
Registering precompiled user dll's ...
Registered in 0.001491 seconds.
Begin MonoManager ReloadAssembly
Native extension for WindowsStandalone target not found
Native extension for WebGL target not found
Refreshing native plugins compatible for Editor in 0.65 ms, found 0 plugins.
Preloading 0 native plugins for Editor in 0.00 ms.
Warning: Annotation not found!

Mono: successfully reloaded assembly
- Completed reload, in  1.846 seconds
Platform modules already initialized, skipping
Refreshing native plugins compatible for Editor in 1.07 ms, found 0 plugins.
Preloading 0 native plugins for Editor in 0.00 ms.
Unloading 1669 Unused Serialized files (Serialized files now loaded: 0)
System memory in use before: 167.5 MB.
System memory in use after: 167.6 MB.

Unloading 18 unused Assets to reduce memory usage. Loaded Objects now: 2215.
Total: 4.621900 ms (FindLiveObjects: 0.246000 ms CreateObjectMapping: 0.085900 ms MarkObjects: 4.100000 ms  DeleteObjects: 0.187500 ms)

========================================================================
Received Import Request.
  Time since last request: 32.430864 seconds.
  path: Assets/Scripts/LevelMenu/Home.cs
  artifactKey: Guid(fa9c325bac4845e4bb2c7b2c915f41be) Importer(815301076,1909f56bfc062723c751e8b465ee728b)
Start importing Assets/Scripts/LevelMenu/Home.cs using Guid(fa9c325bac4845e4bb2c7b2c915f41be) Importer(815301076,1909f56bfc062723c751e8b465ee728b)  -> (artifact id: '617cf28b30b31d8763e67b87410428ac') in 0.035119 seconds
  Import took 0.060249 seconds .

========================================================================
Received Prepare
Registering precompiled user dll's ...
Registered in 0.001664 seconds.
Begin MonoManager ReloadAssembly
Native extension for WindowsStandalone target not found
Native extension for WebGL target not found
Refreshing native plugins compatible for Editor in 0.70 ms, found 0 plugins.
Preloading 0 native plugins for Editor in 0.00 ms.
Warning: Annotation not found!

Mono: successfully reloaded assembly
- Completed reload, in  1.807 seconds
Platform modules already initialized, skipping
Refreshing native plugins compatible for Editor in 0.71 ms, found 0 plugins.
Preloading 0 native plugins for Editor in 0.00 ms.
Unloading 1669 Unused Serialized files (Serialized files now loaded: 0)
System memory in use before: 167.5 MB.
System memory in use after: 167.6 MB.

Unloading 18 unused Assets to reduce memory usage. Loaded Objects now: 2218.
Total: 3.842700 ms (FindLiveObjects: 0.238300 ms CreateObjectMapping: 0.085000 ms MarkObjects: 3.340200 ms  DeleteObjects: 0.177200 ms)

========================================================================
Received Import Request.
  Time since last request: 34.334120 seconds.
  path: Assets/Scripts/LevelMenu/Home.cs
  artifactKey: Guid(fa9c325bac4845e4bb2c7b2c915f41be) Importer(815301076,1909f56bfc062723c751e8b465ee728b)
Start importing Assets/Scripts/LevelMenu/Home.cs using Guid(fa9c325bac4845e4bb2c7b2c915f41be) Importer(815301076,1909f56bfc062723c751e8b465ee728b)  -> (artifact id: '6dc89f586589617d81c6508cc0bc54ba') in 0.015448 seconds
  Import took 0.059376 seconds .

========================================================================
Received Import Request.
  Time since last request: 92.030184 seconds.
  path: Assets/Scenes/MainMenu.unity
  artifactKey: Guid(5051b1ded38d11146bbb878569311c26) Importer(815301076,1909f56bfc062723c751e8b465ee728b)
Start importing Assets/Scenes/MainMenu.unity using Guid(5051b1ded38d11146bbb878569311c26) Importer(815301076,1909f56bfc062723c751e8b465ee728b)  -> (artifact id: '64cadf32a55393fa25cd4003b731f37a') in 0.077350 seconds
  Import took 0.107661 seconds .

========================================================================
Received Prepare
Registering precompiled user dll's ...
Registered in 0.002110 seconds.
Begin MonoManager ReloadAssembly
Native extension for WindowsStandalone target not found
Native extension for WebGL target not found
Refreshing native plugins compatible for Editor in 0.86 ms, found 0 plugins.
Preloading 0 native plugins for Editor in 0.00 ms.
Warning: Annotation not found!

Mono: successfully reloaded assembly
- Completed reload, in  1.691 seconds
Platform modules already initialized, skipping
Refreshing native plugins compatible for Editor in 0.96 ms, found 0 plugins.
Preloading 0 native plugins for Editor in 0.00 ms.
Unloading 1669 Unused Serialized files (Serialized files now loaded: 0)
System memory in use before: 167.5 MB.
System memory in use after: 167.6 MB.

Unloading 18 unused Assets to reduce memory usage. Loaded Objects now: 2221.
Total: 13.408000 ms (FindLiveObjects: 1.259500 ms CreateObjectMapping: 0.717500 ms MarkObjects: 11.238200 ms  DeleteObjects: 0.189500 ms)

========================================================================
Received Import Request.
  Time since last request: 149.551135 seconds.
  path: Assets/Scenes/LevelMenu.unity
  artifactKey: Guid(8220b344676a5dc41865d98543070615) Importer(815301076,1909f56bfc062723c751e8b465ee728b)
Start importing Assets/Scenes/LevelMenu.unity using Guid(8220b344676a5dc41865d98543070615) Importer(815301076,1909f56bfc062723c751e8b465ee728b)  -> (artifact id: 'd9e2a75c6fe6b50ba7dc1b312ee4b759') in 0.039334 seconds
  Import took 0.065795 seconds .

========================================================================
Received Prepare
Registering precompiled user dll's ...
Registered in 0.001473 seconds.
Begin MonoManager ReloadAssembly
Native extension for WindowsStandalone target not found
Native extension for WebGL target not found
Refreshing native plugins compatible for Editor in 0.71 ms, found 0 plugins.
Preloading 0 native plugins for Editor in 0.00 ms.
Warning: Annotation not found!

Mono: successfully reloaded assembly
- Completed reload, in  1.694 seconds
Platform modules already initialized, skipping
Refreshing native plugins compatible for Editor in 0.91 ms, found 0 plugins.
Preloading 0 native plugins for Editor in 0.00 ms.
Unloading 1669 Unused Serialized files (Serialized files now loaded: 0)
System memory in use before: 167.6 MB.
System memory in use after: 167.6 MB.

Unloading 18 unused Assets to reduce memory usage. Loaded Objects now: 2224.
Total: 3.566700 ms (FindLiveObjects: 0.234900 ms CreateObjectMapping: 0.149500 ms MarkObjects: 3.002000 ms  DeleteObjects: 0.178700 ms)

========================================================================
Received Import Request.
  Time since last request: 46.134050 seconds.
  path: Assets/Scripts/LevelMenu/Lv11.cs
  artifactKey: Guid(e1593b34a0b33304393d5ae471ba04e3) Importer(815301076,1909f56bfc062723c751e8b465ee728b)
Start importing Assets/Scripts/LevelMenu/Lv11.cs using Guid(e1593b34a0b33304393d5ae471ba04e3) Importer(815301076,1909f56bfc062723c751e8b465ee728b)  -> (artifact id: '616e549deeb75b7500ef065421fbebfe') in 0.034637 seconds
  Import took 0.046681 seconds .

========================================================================
Received Prepare
Registering precompiled user dll's ...
Registered in 0.002286 seconds.
Begin MonoManager ReloadAssembly
Native extension for WindowsStandalone target not found
Native extension for WebGL target not found
Refreshing native plugins compatible for Editor in 0.67 ms, found 0 plugins.
Preloading 0 native plugins for Editor in 0.00 ms.
Warning: Annotation not found!

Mono: successfully reloaded assembly
- Completed reload, in  2.083 seconds
Platform modules already initialized, skipping
Refreshing native plugins compatible for Editor in 1.02 ms, found 0 plugins.
Preloading 0 native plugins for Editor in 0.00 ms.
Unloading 1670 Unused Serialized files (Serialized files now loaded: 0)
System memory in use before: 167.6 MB.
System memory in use after: 167.6 MB.

Unloading 18 unused Assets to reduce memory usage. Loaded Objects now: 2228.
Total: 3.484100 ms (FindLiveObjects: 0.234900 ms CreateObjectMapping: 0.147300 ms MarkObjects: 2.927400 ms  DeleteObjects: 0.172900 ms)

========================================================================
Received Prepare
Registering precompiled user dll's ...
Registered in 0.001561 seconds.
Begin MonoManager ReloadAssembly
Native extension for WindowsStandalone target not found
Native extension for WebGL target not found
Refreshing native plugins compatible for Editor in 0.69 ms, found 0 plugins.
Preloading 0 native plugins for Editor in 0.00 ms.
Warning: Annotation not found!

Mono: successfully reloaded assembly
- Completed reload, in  1.888 seconds
Platform modules already initialized, skipping
Refreshing native plugins compatible for Editor in 1.00 ms, found 0 plugins.
Preloading 0 native plugins for Editor in 0.00 ms.
Unloading 1670 Unused Serialized files (Serialized files now loaded: 0)
System memory in use before: 167.6 MB.
System memory in use after: 167.7 MB.

Unloading 18 unused Assets to reduce memory usage. Loaded Objects now: 2231.
Total: 3.413700 ms (FindLiveObjects: 0.227200 ms CreateObjectMapping: 0.086700 ms MarkObjects: 2.928000 ms  DeleteObjects: 0.169800 ms)

========================================================================
Received Import Request.
  Time since last request: 47.687574 seconds.
  path: Assets/Scripts/LevelMenu/Lv11.cs
  artifactKey: Guid(e1593b34a0b33304393d5ae471ba04e3) Importer(815301076,1909f56bfc062723c751e8b465ee728b)
Start importing Assets/Scripts/LevelMenu/Lv11.cs using Guid(e1593b34a0b33304393d5ae471ba04e3) Importer(815301076,1909f56bfc062723c751e8b465ee728b)  -> (artifact id: '0efbadc401dd161548da58f1cde473a1') in 0.010395 seconds
  Import took 0.044124 seconds .

========================================================================
Received Import Request.
  Time since last request: 634.945802 seconds.
  path: Assets/Scenes/MainMenu.unity
  artifactKey: Guid(5051b1ded38d11146bbb878569311c26) Importer(815301076,1909f56bfc062723c751e8b465ee728b)
Start importing Assets/Scenes/MainMenu.unity using Guid(5051b1ded38d11146bbb878569311c26) Importer(815301076,1909f56bfc062723c751e8b465ee728b)  -> (artifact id: 'd6b641c7de285e9f47c4877f8a66ee72') in 0.048602 seconds
  Import took 0.064405 seconds .

========================================================================
Received Prepare
Registering precompiled user dll's ...
Registered in 0.001901 seconds.
Begin MonoManager ReloadAssembly
Native extension for WindowsStandalone target not found
Native extension for WebGL target not found
Refreshing native plugins compatible for Editor in 0.74 ms, found 0 plugins.
Preloading 0 native plugins for Editor in 0.00 ms.
Warning: Annotation not found!

Mono: successfully reloaded assembly
- Completed reload, in  1.716 seconds
Platform modules already initialized, skipping
Refreshing native plugins compatible for Editor in 0.73 ms, found 0 plugins.
Preloading 0 native plugins for Editor in 0.00 ms.
Unloading 1670 Unused Serialized files (Serialized files now loaded: 0)
System memory in use before: 167.6 MB.
System memory in use after: 167.7 MB.

Unloading 18 unused Assets to reduce memory usage. Loaded Objects now: 2234.
Total: 6.049900 ms (FindLiveObjects: 0.586600 ms CreateObjectMapping: 0.171200 ms MarkObjects: 5.059500 ms  DeleteObjects: 0.229200 ms)

========================================================================
Received Prepare
Registering precompiled user dll's ...
Registered in 0.001631 seconds.
Begin MonoManager ReloadAssembly
Native extension for WindowsStandalone target not found
Native extension for WebGL target not found
Refreshing native plugins compatible for Editor in 0.66 ms, found 0 plugins.
Preloading 0 native plugins for Editor in 0.00 ms.
Warning: Annotation not found!

Mono: successfully reloaded assembly
- Completed reload, in  1.681 seconds
Platform modules already initialized, skipping
Refreshing native plugins compatible for Editor in 0.76 ms, found 0 plugins.
Preloading 0 native plugins for Editor in 0.00 ms.
Unloading 1670 Unused Serialized files (Serialized files now loaded: 0)
System memory in use before: 167.6 MB.
System memory in use after: 167.7 MB.

Unloading 18 unused Assets to reduce memory usage. Loaded Objects now: 2237.
Total: 3.245700 ms (FindLiveObjects: 0.230700 ms CreateObjectMapping: 0.086900 ms MarkObjects: 2.761800 ms  DeleteObjects: 0.164700 ms)

========================================================================
Received Import Request.
  Time since last request: 1273.824826 seconds.
  path: Assets/Scenes/LevelMenu.unity
  artifactKey: Guid(8220b344676a5dc41865d98543070615) Importer(815301076,1909f56bfc062723c751e8b465ee728b)
Start importing Assets/Scenes/LevelMenu.unity using Guid(8220b344676a5dc41865d98543070615) Importer(815301076,1909f56bfc062723c751e8b465ee728b)  -> (artifact id: 'd36ac85d7274856d5515f4d7870bce60') in 0.036775 seconds
  Import took 0.054462 seconds .

========================================================================
Received Import Request.
  Time since last request: 15.446044 seconds.
  path: Assets/Scenes/Lvl1.unity
  artifactKey: Guid(6cc83314ddec7ba469e0ecaf6a4fd63c) Importer(815301076,1909f56bfc062723c751e8b465ee728b)
Start importing Assets/Scenes/Lvl1.unity using Guid(6cc83314ddec7ba469e0ecaf6a4fd63c) Importer(815301076,1909f56bfc062723c751e8b465ee728b)  -> (artifact id: '7ecb0cf023eff6d089ea7fb99df31835') in 0.039416 seconds
  Import took 0.064639 seconds .

========================================================================
Received Import Request.
  Time since last request: 1309.709938 seconds.
  path: Assets/Materials/Purple 1.mat
  artifactKey: Guid(6a52dd328d55c0a43823aa10e60bb6c9) Importer(815301076,1909f56bfc062723c751e8b465ee728b)
Start importing Assets/Materials/Purple 1.mat using Guid(6a52dd328d55c0a43823aa10e60bb6c9) Importer(815301076,1909f56bfc062723c751e8b465ee728b)  -> (artifact id: 'c63eebdb57869896d72522598d250133') in 2.027139 seconds
  Import took 2.059007 seconds .

========================================================================
Received Import Request.
  Time since last request: 45.687227 seconds.
  path: Assets/Materials/Clean.mat
  artifactKey: Guid(c1a35c5a794ccb040a8f96ad59a252e7) Importer(815301076,1909f56bfc062723c751e8b465ee728b)
Start importing Assets/Materials/Clean.mat using Guid(c1a35c5a794ccb040a8f96ad59a252e7) Importer(815301076,1909f56bfc062723c751e8b465ee728b)  -> (artifact id: 'd520d83bafee1e33ab39d9a6a3713d40') in 0.053063 seconds
  Import took 0.063712 seconds .

========================================================================
Received Import Request.
  Time since last request: 76.034652 seconds.
  path: Assets/Scenes/Lvl1.unity
  artifactKey: Guid(6cc83314ddec7ba469e0ecaf6a4fd63c) Importer(815301076,1909f56bfc062723c751e8b465ee728b)
Start importing Assets/Scenes/Lvl1.unity using Guid(6cc83314ddec7ba469e0ecaf6a4fd63c) Importer(815301076,1909f56bfc062723c751e8b465ee728b)  -> (artifact id: '53ea27ac0c300527ee59badbf3f6b2a7') in 0.028495 seconds
  Import took 0.069140 seconds .

========================================================================
Received Prepare
Registering precompiled user dll's ...
Registered in 0.004347 seconds.
Begin MonoManager ReloadAssembly
Native extension for WindowsStandalone target not found
Native extension for WebGL target not found
Refreshing native plugins compatible for Editor in 0.74 ms, found 0 plugins.
Preloading 0 native plugins for Editor in 0.00 ms.
Warning: Annotation not found!

Mono: successfully reloaded assembly
- Completed reload, in  4.553 seconds
Platform modules already initialized, skipping
Refreshing native plugins compatible for Editor in 0.78 ms, found 0 plugins.
Preloading 0 native plugins for Editor in 0.00 ms.
Unloading 1670 Unused Serialized files (Serialized files now loaded: 0)
System memory in use before: 170.6 MB.
System memory in use after: 170.7 MB.

Unloading 18 unused Assets to reduce memory usage. Loaded Objects now: 2280.
Total: 3.602400 ms (FindLiveObjects: 0.243800 ms CreateObjectMapping: 0.088000 ms MarkObjects: 3.095000 ms  DeleteObjects: 0.173100 ms)

AssetImportWorkerClient::OnTransportError - code=2 error=End of file
